c:\users\paweł\documents\visual studio 2013\projects\calculator\calculator\debug\calculator.myform.resources
c:\users\paweł\desktop\calculator\calculator\debug\calculator.myform.resources
c:\users\paweł\documents\visual studio 2013\projects\calculator\calculator\debug\vc120.pdb
c:\users\paweł\documents\visual studio 2013\projects\calculator\calculator\debug\.netframework,version=v4.5.assemblyattributes.obj
c:\users\paweł\documents\visual studio 2013\projects\calculator\calculator\debug\functions.obj
c:\users\paweł\documents\visual studio 2013\projects\calculator\calculator\debug\source.obj
c:\users\paweł\documents\visual studio 2013\projects\calculator\calculator\debug\myform.obj
c:\users\paweł\documents\visual studio 2013\projects\calculator\debug\calculator.exe
c:\users\paweł\documents\visual studio 2013\projects\calculator\debug\calculator.pdb
c:\users\paweł\desktop\jpwp-20190323t111615z-001\jpwp\calculator\calculator\debug\calculator.vcxproj.generateresource.cache
c:\users\paweł\desktop\jpwp-20190323t111615z-001\jpwp\calculator\calculator\debug\calculator.vcxprojassemblyreference.cache
c:\users\paweł\desktop\jpwp-20190323t111615z-001\jpwp\calculator\calculator\debug\calculator.vcxprojresolveassemblyreference.cache
c:\users\paweł\desktop\jpwp-20190323t111615z-001\jpwp\calculator\calculator\debug\.netframework,version=v4.5.assemblyattributes.obj
c:\users\paweł\desktop\jpwp-20190323t111615z-001\jpwp\calculator\calculator\debug\functions.obj
c:\users\paweł\desktop\jpwp-20190323t111615z-001\jpwp\calculator\calculator\debug\myform.obj
c:\users\paweł\desktop\jpwp-20190323t111615z-001\jpwp\calculator\calculator\debug\source.obj
c:\users\paweł\desktop\jpwp-20190323t111615z-001\jpwp\calculator\calculator\debug\calculator.myform.resources
c:\users\paweł\desktop\jpwp-20190323t111615z-001\jpwp\calculator\calculator\debug\vc120.pdb
c:\users\paweł\desktop\jpwp-20190323t111615z-001\jpwp\calculator\debug\calculator.pdb
c:\users\paweł\desktop\jpwp-20190323t111615z-001\jpwp\calculator\debug\calculator.exe
c:\users\paweł\desktop\jpwp-20190323t111615z-001\jpwp\calculator\calculator\debug\calculator.tlog\calculator.write.1u.tlog
c:\users\paweł\desktop\jpwp-20190323t111615z-001\jpwp\calculator\calculator\debug\calculator.tlog\cl.command.1.tlog
c:\users\paweł\desktop\jpwp-20190323t111615z-001\jpwp\calculator\calculator\debug\calculator.tlog\cl.read.1.tlog
c:\users\paweł\desktop\jpwp-20190323t111615z-001\jpwp\calculator\calculator\debug\calculator.tlog\cl.write.1.tlog
c:\users\paweł\desktop\jpwp-20190323t111615z-001\jpwp\calculator\calculator\debug\calculator.tlog\link.command.1.tlog
c:\users\paweł\desktop\jpwp-20190323t111615z-001\jpwp\calculator\calculator\debug\calculator.tlog\link.read.1.tlog
c:\users\paweł\desktop\jpwp-20190323t111615z-001\jpwp\calculator\calculator\debug\calculator.tlog\link.write.1.tlog
c:\users\paweł\desktop\jpwp-20190323t111615z-001\jpwp\calculator\calculator\debug\calculator.tlog\metagen.read.1.tlog
c:\users\paweł\desktop\jpwp-20190323t111615z-001\jpwp\calculator\calculator\debug\calculator.tlog\metagen.write.1.tlog
c:\users\paweł\desktop\jpwp-20190323t111615z-001\jpwp\calculator\calculator\debug\calculator.tlog\tzres.dll.bi
